  Generating tool_hugehelp.c
  Building Custom Rule D:/curl/curl-7.60.0/src/CMakeLists.txt
  CMake does not need to re-run because D:/curl/curl-7.60.0/build_x64/src/CMakeFiles/generate.stamp is up-to-date.
  slist_wc.c
  tool_binmode.c
  tool_bname.c
  tool_cb_dbg.c
  tool_cb_hdr.c
  tool_cb_prg.c
  tool_cb_rea.c
  tool_cb_see.c
  tool_cb_wrt.c
  tool_cfgable.c
  tool_convert.c
  tool_dirhie.c
  tool_doswin.c
  tool_easysrc.c
  tool_filetime.c
  tool_formparse.c
  tool_getparam.c
  tool_getpass.c
  tool_help.c
  tool_helpers.c
  正在生成代码...
  正在编译...
  tool_homedir.c
  tool_hugehelp.c
  tool_libinfo.c
  tool_main.c
  tool_metalink.c
  tool_msgs.c
  tool_operate.c
  tool_operhlp.c
  tool_panykey.c
  tool_paramhlp.c
  tool_parsecfg.c
  tool_strdup.c
  tool_setopt.c
  tool_sleep.c
  tool_urlglob.c
  tool_util.c
  tool_vms.c
  tool_writeout.c
  tool_xattr.c
  strtoofft.c
  正在生成代码...
  正在编译...
  nonblock.c
  warnless.c
  curl_ctype.c
  正在生成代码...
LINK : fatal error LNK1104: 无法打开文件“zlibstat.lib”
